# hmmsearch :: search profile(s) against a sequence database
# HMMER 3.1b2 (February 2015); http://hmmer.org/
# Copyright (C) 2015 Howard Hughes Medical Institute.
# Freely distributed under the GNU General Public License (GPLv3).
# - - - - - - - - - - - - - - - - - - - - - - - - - - - - - - - - - - - -
# query HMM file:                  3FA0549C-CB54-11EA-9033-8FD5DBC3747A.2.hmm
# target sequence database:        Full_fasta_60aa_PA0093_query_6iterations_species_more100_CDHIT95_NOPAAR_2.fasta
# output directed to file:         Full_fasta_60aa_PA0093_query_6iterations_species_more100_CDHIT95_PAAR_3.out
# per-dom hits tabular output:     Full_fasta_60aa_PA0093_query_6iterations_species_more100_CDHIT95_PAAR_3.domtblout
# show alignments in output:       no
# sequence reporting threshold:    E-value <= 1000
# sequence search space set to:    45638612
# number of worker threads:        32
# - - - - - - - - - - - - - - - - - - - - - - - - - - - - - - - - - - - -

Query:       jackhmmer  [M=113]
Scores for complete sequences (score includes all domains):
   --- full sequence ---   --- best 1 domain ---    -#dom-
    E-value  score  bias    E-value  score  bias    exp  N  Sequence                                                                                                          Description
    ------- ------ -----    ------- ------ -----   ---- --  --------                                                                                                          -----------
    1.7e-37  139.1  11.9    3.7e-36  134.8   7.1    3.6  3  Pseudomonassavastanoipvphaseolicolastrain1448ARace6Pseudomonassyringaepvphaseolicolastrain1448ARace6_Q48CG4_PSE14  
    2.1e-35  132.4   8.1    2.3e-35  132.3   8.1    1.0  1  PseudomonasspH9_A0A4R5K0D4_9PSED                                                                                   
    2.3e-31  119.4  10.9    1.7e-30  116.6   8.5    3.7  3  Pseudomonassavastanoipvphaseolicolastrain1448ARace6Pseudomonassyringaepvphaseolicolastrain1448ARace6_Q48BU0_PSE14  
    1.8e-26  103.6  22.5    1.3e-23   94.4  15.6    4.1  3  PhotorhabdusasymbioticasubspasymbioticastrainATCC43949310577Xenorhabdusluminescensstrain2_B6VN31_PHOAA             
    2.3e-25  100.0  13.2    6.5e-21   85.7  12.7    2.6  2  PhotorhabdusasymbioticasubspasymbioticastrainATCC43949310577Xenorhabdusluminescensstrain2_C7BNP7_PHOAA             
    3.1e-23   93.2   0.3    3.1e-23   93.2   0.3    1.6  2  Escherichiacoli_A0A2X1MY93_ECOLX                                                                                   
    6.1e-23   92.2   0.3    6.1e-23   92.2   0.3    1.9  1  Escherichiacoli_A0A376L0G4_ECOLX                                                                                   
    8.9e-23   91.7   0.3    8.9e-23   91.7   0.3    1.9  1  Escherichiacoli908573_V0YFR8_ECOLX                                                                                 
    1.9e-22   90.6  19.4    1.1e-21   88.2  19.4    2.0  1  Klebsiellapneumoniaesubspozaenae_A0A377Z2P9_KLEPO                                                                  
    5.9e-22   89.0   0.4    9.9e-22   88.3   0.4    1.3  1  Escherichiacoli_A0A1X0YX92_ECOLX                                                                                   
    1.9e-21   87.4   0.1    1.9e-21   87.4   0.1    1.7  2  Escherichiacoli_A0A3Z6JBC1_ECOLX                                                                                   
    4.5e-21   86.2   0.4    4.5e-21   86.2   0.4    2.6  2  Escherichiacoli_A0A478GVF9_ECOLX                                                                                   
    8.7e-17   72.4  19.5    2.5e-14   64.5   7.5    3.4  3  Frischellaperrara_A0A0A7RYW0_FRIPE                                                                                 
      4e-16   70.3  12.9    4.6e-16   70.1  12.9    1.0  1  PseudomonasspNFACC231_A0A1H7DLH0_9PSED                                                                             
    5.6e-16   69.8  18.2    3.7e-15   67.2  18.2    1.8  1  Xenorhabdusstockiae_A0A2D0KAR5_9GAMM                                                                               
    6.2e-15   66.4  17.9    7.5e-12   56.5   4.3    3.4  3  ChaniamultitudinisentensRB25_W0LB99_9GAMM                                                                          
    3.2e-14   64.1   8.7    2.4e-10   51.7   5.0    2.7  2  Snodgrassellaalvi_A0A1X0TDK5_9NEIS                                                                                 
    3.8e-14   63.9  19.5    1.5e-12   58.8   0.3    3.7  3  MixtaspBIT26_A0A506V6D9_9GAMM                                                                                      
    4.8e-14   63.6  17.8    3.1e-12   57.7   6.7    3.3  3  Frischellaperrara_A0A0A7S213_FRIPE                                                                                 
    5.2e-14   63.5  19.3    3.1e-10   51.3   6.2    3.4  3  Enterobacillustribolii_A0A370QHD1_9ENTR                                                                            
    1.8e-11   55.2  21.2    1.3e-10   52.5  11.1    4.0  3  ProvidenciastuartiiATCC25827_B2PVL3_PROST                                                                          
    2.4e-11   54.9  20.3    9.8e-11   52.9  10.3    3.6  3  ProvidenciastuartiistrainMRSN2154_A0A140NNT3_PROSM                                                                 
    2.5e-11   54.8  20.4      1e-10   52.9  10.3    3.6  3  ProvidenciastuartiistrainMRSN2154_A0A140NQ57_PROSM                                                                 
    1.4e-10   52.4   4.2    2.4e-10   51.6   4.2    1.3  1  Cronobactersakazakii701_K8CHA2_CROSK                                                                               
    1.4e-10   52.4  12.4    9.1e-09   46.6  12.4    2.1  1  Proteusmirabilis_A0A2X2BDJ1_PROMI                                                                                  
    1.5e-10   52.3  21.3    5.2e-10   50.6  10.8    3.7  3  Providenciastuartii_A0A379GR84_PROST                                                                               
    5.9e-10   50.4  16.7    8.3e-08   43.5  16.7    2.1  1  Pseudomonassynxantha_Q9AEW4_9PSED                                                                                  
    1.1e-09   49.5   4.7    1.1e-09   49.5   4.7    4.1  3  bacteriasymbiontBFo1ofFrankliniellaoccidentalis_A0A0J8YS07_9GAMM                                                   
    1.6e-09   49.0  26.1     0.0023   29.2   0.1    3.1  3  Photorhabdusnamnaonensis_A0A1B8YB78_9GAMM                                                                          
    2.6e-09   48.3   5.3    2.6e-09   48.3   5.3    3.8  2  ErwiniaamylovorastrainCFBP1430_D4I0N8_ERWAC                                                                        
    4.5e-09   47.6   5.7    4.5e-09   47.6   5.7    3.9  2  ErwiniaamylovoraATCCBAA2158_E5B8U1_ERWAM                                                                           
    5.1e-09   47.4  17.3    1.9e-07   42.3  17.3    2.2  1  PseudomonasspNFACC36_A0A1K1WS02_9PSED                                                                              
    9.2e-09   46.6  14.2    1.4e-07   42.7  14.2    2.0  1  PantoeacypripediiPectobacteriumcypripediiErwiniacypripedii_A0A1X1EVM4_PANCY                                        
    2.6e-08   45.1  14.9    2.6e-08   45.1  14.9    2.3  2  SphingomonasspSph12015_A0A1R1YUF1_9SPHN                                                                            
    7.4e-08   43.6  24.7    7.6e-07   40.4  12.6    4.2  3  Proteusmirabilis_A0A1Z1SWP4_PROMI                                                                                  
    8.9e-08   43.4  18.4    9.1e-06   36.9  12.2    3.8  3  CitrobacteryoungaeATCC29220_D4B984_9ENTR                                                                           
    4.1e-06   38.0   0.7    4.1e-06   38.0   0.7    1.8  2  Escherichiacoli_A0A4D2RBU3_ECOLX                                                                                   
  ------ inclusion threshold ------
      0.044   25.0  16.2       0.49   21.6  16.2    2.0  1  PseudomonasspFW305BF6_A0A2N8GTX6_9PSED                                                                             
       0.14   23.4  25.5         54   15.1  27.8    2.0  2  CitrobacterspMGH105_A0A0J1LRQ1_9ENTR                                                                               
       0.41   21.9  12.2       0.41   21.9  12.2    2.3  2  Sphingomonassanguinis_A0A147HT25_9SPHN                                                                             
         71   14.7  13.6         71   14.7  13.6    2.5  2  SalmonellaentericaI_A0A3Z0UKC7_SALET                                                                               


Domain annotation for each sequence:
>> Pseudomonassavastanoipvphaseolicolastrain1448ARace6Pseudomonassyringaepvphaseolicolastrain1448ARace6_Q48CG4_PSE14  
   #    score  bias  c-Evalue  i-Evalue hmmfrom  hmm to    alifrom  ali to    envfrom  env to     acc
 ---   ------ ----- --------- --------- ------- -------    ------- -------    ------- -------    ----
   1 !  134.8   7.1   3.3e-42   3.7e-36       1     111 [.       1     110 [.       1     112 [. 0.97
   2 !   16.5   0.2   1.8e-05        20      77     104 ..     109     135 ..     105     141 .. 0.83
   3 ?    1.2   0.1      0.96   1.1e+06      76      89 ..     135     148 ..     130     151 .. 0.84

>> PseudomonasspH9_A0A4R5K0D4_9PSED  
   #    score  bias  c-Evalue  i-Evalue hmmfrom  hmm to    alifrom  ali to    envfrom  env to     acc
 ---   ------ ----- --------- --------- ------- -------    ------- -------    ------- -------    ----
   1 !  132.3   8.1     2e-41   2.3e-35       1     102 [.       1     102 []       1     102 [] 1.00

>> Pseudomonassavastanoipvphaseolicolastrain1448ARace6Pseudomonassyringaepvphaseolicolastrain1448ARace6_Q48BU0_PSE14  
   #    score  bias  c-Evalue  i-Evalue hmmfrom  hmm to    alifrom  ali to    envfrom  env to     acc
 ---   ------ ----- --------- --------- ------- -------    ------- -------    ------- -------    ----
   1 !  116.6   8.5   1.5e-36   1.7e-30       1     112 [.       1     114 [.       1     115 [. 0.96
   2 !   12.7   0.0   0.00026   2.9e+02      77     107 ..     112     141 ..     111     142 .. 0.91
   3 ?    3.2   0.2      0.23   2.6e+05      77      89 ..     139     151 ..     137     154 .. 0.87

>> PhotorhabdusasymbioticasubspasymbioticastrainATCC43949310577Xenorhabdusluminescensstrain2_B6VN31_PHOAA  
   #    score  bias  c-Evalue  i-Evalue hmmfrom  hmm to    alifrom  ali to    envfrom  env to     acc
 ---   ------ ----- --------- --------- ------- -------    ------- -------    ------- -------    ----
   1 !   94.4  15.6   1.2e-29   1.3e-23       1     111 [.       1     126 [.       1     128 [. 0.81
   2 !    8.7   0.1    0.0048   5.3e+03      78     103 ..     126     150 ..     123     154 .. 0.84
   3 ?    3.9   0.2      0.14   1.6e+05      76      93 ..     151     168 ..     147     172 .. 0.82

>> PhotorhabdusasymbioticasubspasymbioticastrainATCC43949310577Xenorhabdusluminescensstrain2_C7BNP7_PHOAA  
   #    score  bias  c-Evalue  i-Evalue hmmfrom  hmm to    alifrom  ali to    envfrom  env to     acc
 ---   ------ ----- --------- --------- ------- -------    ------- -------    ------- -------    ----
   1 !   85.7  12.7   5.8e-27   6.5e-21       3     109 ..      32     148 ..      31     152 .. 0.78
   2 !   12.5   0.0   0.00031   3.4e+02      78     102 ..     151     174 ..     149     181 .. 0.84

>> Escherichiacoli_A0A2X1MY93_ECOLX  
   #    score  bias  c-Evalue  i-Evalue hmmfrom  hmm to    alifrom  ali to    envfrom  env to     acc
 ---   ------ ----- --------- --------- ------- -------    ------- -------    ------- -------    ----
   1 ?   -1.9   0.2       9.2     1e+07      51      54 ..      27      30 ..       8      49 .. 0.40
   2 !   93.2   0.3   2.8e-29   3.1e-23       4      97 ..      54     155 ..      52     157 .. 0.89

>> Escherichiacoli_A0A376L0G4_ECOLX  
   #    score  bias  c-Evalue  i-Evalue hmmfrom  hmm to    alifrom  ali to    envfrom  env to     acc
 ---   ------ ----- --------- --------- ------- -------    ------- -------    ------- -------    ----
   1 !   92.2   0.3   5.5e-29   6.1e-23       4      97 ..      54     155 ..      52     157 .. 0.89

>> Escherichiacoli908573_V0YFR8_ECOLX  
   #    score  bias  c-Evalue  i-Evalue hmmfrom  hmm to    alifrom  ali to    envfrom  env to     acc
 ---   ------ ----- --------- --------- ------- -------    ------- -------    ------- -------    ----
   1 !   91.7   0.3     8e-29   8.9e-23       4      97 ..      54     155 ..      52     157 .. 0.89

>> Klebsiellapneumoniaesubspozaenae_A0A377Z2P9_KLEPO  
   #    score  bias  c-Evalue  i-Evalue hmmfrom  hmm to    alifrom  ali to    envfrom  env to     acc
 ---   ------ ----- --------- --------- ------- -------    ------- -------    ------- -------    ----
   1 !   88.2  19.4   9.8e-28   1.1e-21       1     105 [.       1     120 [.       1     126 [. 0.84

>> Escherichiacoli_A0A1X0YX92_ECOLX  
   #    score  bias  c-Evalue  i-Evalue hmmfrom  hmm to    alifrom  ali to    envfrom  env to     acc
 ---   ------ ----- --------- --------- ------- -------    ------- -------    ------- -------    ----
   1 !   88.3   0.4   8.9e-28   9.9e-22       4      97 ..      36     137 ..      34     139 .. 0.89

>> Escherichiacoli_A0A3Z6JBC1_ECOLX  
   #    score  bias  c-Evalue  i-Evalue hmmfrom  hmm to    alifrom  ali to    envfrom  env to     acc
 ---   ------ ----- --------- --------- ------- -------    ------- -------    ------- -------    ----
   1 ?   -1.1   0.2       5.2   5.8e+06      44      66 ..      17      31 ..       7      50 .. 0.40
   2 !   87.4   0.1   1.7e-27   1.9e-21       4      93 ..      54     151 .]      52     151 .] 0.89

>> Escherichiacoli_A0A478GVF9_ECOLX  
   #    score  bias  c-Evalue  i-Evalue hmmfrom  hmm to    alifrom  ali to    envfrom  env to     acc
 ---   ------ ----- --------- --------- ------- -------    ------- -------    ------- -------    ----
   1 !   86.2   0.4   4.1e-27   4.5e-21       4      97 ..      54     155 ..      52     157 .. 0.89
   2 ?    0.0   0.0       2.3   2.6e+06      95     111 ..     252     268 ..     250     269 .] 0.87

>> Frischellaperrara_A0A0A7RYW0_FRIPE  
   #    score  bias  c-Evalue  i-Evalue hmmfrom  hmm to    alifrom  ali to    envfrom  env to     acc
 ---   ------ ----- --------- --------- ------- -------    ------- -------    ------- -------    ----
   1 !   64.5   7.5   2.3e-20   2.5e-14       4      96 ..       6     107 ..       4     110 .. 0.81
   2 !    9.8   0.0    0.0021   2.4e+03      78     110 ..     218     249 ..     178     252 .. 0.87
   3 ?    3.3   2.5      0.22   2.5e+05      21      74 ..     276     332 ..     270     344 .. 0.54

>> PseudomonasspNFACC231_A0A1H7DLH0_9PSED  
   #    score  bias  c-Evalue  i-Evalue hmmfrom  hmm to    alifrom  ali to    envfrom  env to     acc
 ---   ------ ----- --------- --------- ------- -------    ------- -------    ------- -------    ----
   1 !   70.1  12.9   4.1e-22   4.6e-16       3     100 ..       5     105 ..       3     110 .. 0.78

>> Xenorhabdusstockiae_A0A2D0KAR5_9GAMM  
   #    score  bias  c-Evalue  i-Evalue hmmfrom  hmm to    alifrom  ali to    envfrom  env to     acc
 ---   ------ ----- --------- --------- ------- -------    ------- -------    ------- -------    ----
   1 !   67.2  18.2   3.3e-21   3.7e-15       1      89 [.       1     104 [.       1     108 [. 0.78

>> ChaniamultitudinisentensRB25_W0LB99_9GAMM  
   #    score  bias  c-Evalue  i-Evalue hmmfrom  hmm to    alifrom  ali to    envfrom  env to     acc
 ---   ------ ----- --------- --------- ------- -------    ------- -------    ------- -------    ----
   1 !   56.5   4.3   6.7e-18   7.5e-12       2      97 ..       6     109 ..       5     114 .. 0.73
   2 !    9.9   0.1    0.0019   2.2e+03      78     110 ..     232     263 ..     198     266 .. 0.88
   3 ?    6.8   2.5     0.018     2e+04      15      74 ..     289     349 ..     286     359 .. 0.72

>> Snodgrassellaalvi_A0A1X0TDK5_9NEIS  
   #    score  bias  c-Evalue  i-Evalue hmmfrom  hmm to    alifrom  ali to    envfrom  env to     acc
 ---   ------ ----- --------- --------- ------- -------    ------- -------    ------- -------    ----
   1 !   51.7   5.0   2.1e-16   2.4e-10       2      96 ..       5     112 ..       4     126 .. 0.70
   2 !   13.0   0.1   0.00022   2.4e+02      65     106 ..     203     243 ..     186     247 .. 0.70

>> MixtaspBIT26_A0A506V6D9_9GAMM  
   #    score  bias  c-Evalue  i-Evalue hmmfrom  hmm to    alifrom  ali to    envfrom  env to     acc
 ---   ------ ----- --------- --------- ------- -------    ------- -------    ------- -------    ----
   1 !   58.8   0.3   1.3e-18   1.5e-12       2      96 ..       5     110 ..       4     115 .. 0.77
   2 !   11.7   0.1   0.00054     6e+02      78     110 ..     231     262 ..     208     265 .. 0.83
   3 ?    4.8   3.0     0.075   8.4e+04      17      69 ..     289     346 ..     279     366 .. 0.55

>> Frischellaperrara_A0A0A7S213_FRIPE  
   #    score  bias  c-Evalue  i-Evalue hmmfrom  hmm to    alifrom  ali to    envfrom  env to     acc
 ---   ------ ----- --------- --------- ------- -------    ------- -------    ------- -------    ----
   1 !   57.7   6.7   2.8e-18   3.1e-12       4      96 ..       6     107 ..       4     110 .. 0.78
   2 !    9.9   0.0    0.0019   2.1e+03      78     110 ..     232     263 ..     189     266 .. 0.83
   3 ?    0.7   2.0       1.4   1.5e+06      20      72 ..     294     344 ..     286     364 .. 0.46

>> Enterobacillustribolii_A0A370QHD1_9ENTR  
   #    score  bias  c-Evalue  i-Evalue hmmfrom  hmm to    alifrom  ali to    envfrom  env to     acc
 ---   ------ ----- --------- --------- ------- -------    ------- -------    ------- -------    ----
   1 !   51.3   6.2   2.8e-16   3.1e-10       2      96 ..       6     108 ..       5     114 .. 0.73
   2 !   10.4   0.0    0.0014   1.6e+03      78     110 ..     232     263 ..     189     266 .. 0.77
   3 !    7.9   2.8     0.008   8.9e+03      18      74 ..     292     349 ..     281     359 .. 0.64

>> ProvidenciastuartiiATCC25827_B2PVL3_PROST  
   #    score  bias  c-Evalue  i-Evalue hmmfrom  hmm to    alifrom  ali to    envfrom  env to     acc
 ---   ------ ----- --------- --------- ------- -------    ------- -------    ------- -------    ----
   1 !   52.5  11.1   1.1e-16   1.3e-10       3      96 ..       6     112 ..       4     115 .. 0.71
   2 ?    6.4   0.0     0.024   2.7e+04      78     108 ..     228     257 ..     218     262 .. 0.84
   3 ?   -0.6   0.5       3.5   3.9e+06      21      64 ..     326     343 ..     286     365 .. 0.54

>> ProvidenciastuartiistrainMRSN2154_A0A140NNT3_PROSM  
   #    score  bias  c-Evalue  i-Evalue hmmfrom  hmm to    alifrom  ali to    envfrom  env to     acc
 ---   ------ ----- --------- --------- ------- -------    ------- -------    ------- -------    ----
   1 !   52.9  10.3   8.8e-17   9.8e-11       3      96 ..       6     112 ..       4     115 .. 0.73
   2 ?    6.4   0.0     0.024   2.7e+04      78     108 ..     228     257 ..     218     262 .. 0.84
   3 ?   -0.6   0.5       3.4   3.8e+06      21      64 ..     326     343 ..     286     365 .. 0.54

>> ProvidenciastuartiistrainMRSN2154_A0A140NQ57_PROSM  
   #    score  bias  c-Evalue  i-Evalue hmmfrom  hmm to    alifrom  ali to    envfrom  env to     acc
 ---   ------ ----- --------- --------- ------- -------    ------- -------    ------- -------    ----
   1 !   52.9  10.3     9e-17     1e-10       3      96 ..       6     112 ..       4     115 .. 0.73
   2 ?    6.4   0.0     0.025   2.7e+04      78     108 ..     228     257 ..     218     262 .. 0.84
   3 ?   -0.6   0.5       3.5   3.9e+06      21      64 ..     326     343 ..     286     365 .. 0.54

>> Cronobactersakazakii701_K8CHA2_CROSK  
   #    score  bias  c-Evalue  i-Evalue hmmfrom  hmm to    alifrom  ali to    envfrom  env to     acc
 ---   ------ ----- --------- --------- ------- -------    ------- -------    ------- -------    ----
   1 !   51.6   4.2   2.2e-16   2.4e-10       4      93 ..       6     108 ..       3     112 .. 0.66

>> Proteusmirabilis_A0A2X2BDJ1_PROMI  
   #    score  bias  c-Evalue  i-Evalue hmmfrom  hmm to    alifrom  ali to    envfrom  env to     acc
 ---   ------ ----- --------- --------- ------- -------    ------- -------    ------- -------    ----
   1 !   46.6  12.4   8.2e-15   9.1e-09       3      96 ..       6     116 ..       4     120 .. 0.64

>> Providenciastuartii_A0A379GR84_PROST  
   #    score  bias  c-Evalue  i-Evalue hmmfrom  hmm to    alifrom  ali to    envfrom  env to     acc
 ---   ------ ----- --------- --------- ------- -------    ------- -------    ------- -------    ----
   1 !   50.6  10.8   4.7e-16   5.2e-10       3      96 ..       6     112 ..       4     115 .. 0.71
   2 ?    6.4   0.1     0.024   2.7e+04      78     108 ..     228     257 ..     218     262 .. 0.84
   3 ?   -0.6   0.6       3.5   3.9e+06      21      64 ..     326     343 ..     286     365 .. 0.52

>> Pseudomonassynxantha_Q9AEW4_9PSED  
   #    score  bias  c-Evalue  i-Evalue hmmfrom  hmm to    alifrom  ali to    envfrom  env to     acc
 ---   ------ ----- --------- --------- ------- -------    ------- -------    ------- -------    ----
   1 !   43.5  16.7   7.5e-14   8.3e-08       3      98 ..       6     124 ..       5     133 .. 0.61

>> bacteriasymbiontBFo1ofFrankliniellaoccidentalis_A0A0J8YS07_9GAMM  
   #    score  bias  c-Evalue  i-Evalue hmmfrom  hmm to    alifrom  ali to    envfrom  env to     acc
 ---   ------ ----- --------- --------- ------- -------    ------- -------    ------- -------    ----
   1 !   49.5   4.7     1e-15   1.1e-09       4      96 ..       7     112 ..       5     118 .. 0.65
   2 ?    6.0   1.4     0.032   3.5e+04      63     104 ..     201     240 ..     138     247 .. 0.53
   3 ?   -1.7   1.5       7.8   8.7e+06      35      60 ..     312     337 ..     299     353 .. 0.49

>> Photorhabdusnamnaonensis_A0A1B8YB78_9GAMM  
   #    score  bias  c-Evalue  i-Evalue hmmfrom  hmm to    alifrom  ali to    envfrom  env to     acc
 ---   ------ ----- --------- --------- ------- -------    ------- -------    ------- -------    ----
   1 ?    7.1   8.2     0.015   1.6e+04      20      76 ..      66     114 ..      52     124 .. 0.47
   2 !   20.6   8.5   9.6e-07       1.1       5      46 ..     126     171 ..     122     176 .. 0.65
   3 !   29.2   0.1     2e-09    0.0023      64     108 ..     169     211 ..     167     215 .. 0.83

>> ErwiniaamylovorastrainCFBP1430_D4I0N8_ERWAC  
   #    score  bias  c-Evalue  i-Evalue hmmfrom  hmm to    alifrom  ali to    envfrom  env to     acc
 ---   ------ ----- --------- --------- ------- -------    ------- -------    ------- -------    ----
   1 !   48.3   5.3   2.3e-15   2.6e-09       3      96 ..      31     137 ..      29     142 .. 0.68
   2 ?    3.8   0.9      0.15   1.7e+05      69     103 ..     227     260 ..     160     268 .. 0.76

>> ErwiniaamylovoraATCCBAA2158_E5B8U1_ERWAM  
   #    score  bias  c-Evalue  i-Evalue hmmfrom  hmm to    alifrom  ali to    envfrom  env to     acc
 ---   ------ ----- --------- --------- ------- -------    ------- -------    ------- -------    ----
   1 !   47.6   5.7     4e-15   4.5e-09       3      96 ..      31     137 ..      29     142 .. 0.65
   2 ?    3.7   1.1      0.17   1.9e+05      69     103 ..     227     260 ..     160     268 .. 0.77

>> PseudomonasspNFACC36_A0A1K1WS02_9PSED  
   #    score  bias  c-Evalue  i-Evalue hmmfrom  hmm to    alifrom  ali to    envfrom  env to     acc
 ---   ------ ----- --------- --------- ------- -------    ------- -------    ------- -------    ----
   1 !   42.3  17.3   1.7e-13   1.9e-07       3      96 ..       6     121 ..       4     122 .] 0.61

>> PantoeacypripediiPectobacteriumcypripediiErwiniacypripedii_A0A1X1EVM4_PANCY  
   #    score  bias  c-Evalue  i-Evalue hmmfrom  hmm to    alifrom  ali to    envfrom  env to     acc
 ---   ------ ----- --------- --------- ------- -------    ------- -------    ------- -------    ----
   1 !   42.7  14.2   1.3e-13   1.4e-07       3      98 ..       4     121 ..       2     133 .. 0.60

>> SphingomonasspSph12015_A0A1R1YUF1_9SPHN  
   #    score  bias  c-Evalue  i-Evalue hmmfrom  hmm to    alifrom  ali to    envfrom  env to     acc
 ---   ------ ----- --------- --------- ------- -------    ------- -------    ------- -------    ----
   1 ?   -0.7   7.1         4   4.4e+06      23      55 ..      40      82 ..      23     103 .. 0.45
   2 !   45.1  14.9   2.3e-14   2.6e-08       3      87 ..     112     203 ..     111     211 .. 0.72

>> Proteusmirabilis_A0A1Z1SWP4_PROMI  
   #    score  bias  c-Evalue  i-Evalue hmmfrom  hmm to    alifrom  ali to    envfrom  env to     acc
 ---   ------ ----- --------- --------- ------- -------    ------- -------    ------- -------    ----
   1 !   40.4  12.6   6.8e-13   7.6e-07       3      96 ..       6     116 ..       4     119 .. 0.63
   2 ?    7.1   0.1     0.015   1.6e+04      79     109 ..     233     262 ..     223     266 .. 0.86
   3 ?   -0.4   1.2         3   3.4e+06      20      67 ..     294     350 ..     287     368 .. 0.39

>> CitrobacteryoungaeATCC29220_D4B984_9ENTR  
   #    score  bias  c-Evalue  i-Evalue hmmfrom  hmm to    alifrom  ali to    envfrom  env to     acc
 ---   ------ ----- --------- --------- ------- -------    ------- -------    ------- -------    ----
   1 !   36.9  12.2   8.1e-12   9.1e-06       2      96 ..       5     128 ..       4     131 .. 0.58
   2 ?   -0.8   0.0       4.2   4.7e+06      69     104 ..     177     213 ..     164     222 .. 0.83
   3 ?    5.9   0.1     0.035   3.9e+04      79     108 ..     225     253 ..     217     258 .. 0.84

>> Escherichiacoli_A0A4D2RBU3_ECOLX  
   #    score  bias  c-Evalue  i-Evalue hmmfrom  hmm to    alifrom  ali to    envfrom  env to     acc
 ---   ------ ----- --------- --------- ------- -------    ------- -------    ------- -------    ----
   1 ?   -0.8   0.2       4.1   4.5e+06      44      66 ..      17      31 ..       7      50 .. 0.40
   2 !   38.0   0.7   3.7e-12   4.1e-06       4      48 ..      54     105 ..      52     116 .. 0.79

>> PseudomonasspFW305BF6_A0A2N8GTX6_9PSED  
   #    score  bias  c-Evalue  i-Evalue hmmfrom  hmm to    alifrom  ali to    envfrom  env to     acc
 ---   ------ ----- --------- --------- ------- -------    ------- -------    ------- -------    ----
   1 ?   21.6  16.2   4.4e-07      0.49       3      61 ..       6      74 ..       4     100 .. 0.61

>> CitrobacterspMGH105_A0A0J1LRQ1_9ENTR  
   #    score  bias  c-Evalue  i-Evalue hmmfrom  hmm to    alifrom  ali to    envfrom  env to     acc
 ---   ------ ----- --------- --------- ------- -------    ------- -------    ------- -------    ----
   1 ?   15.1  27.8   4.8e-05        54       3      67 ..       5      68 ..       3     100 .. 0.48
   2 ?    4.8   8.1     0.073   8.2e+04      26      78 ..      56     111 ..      52     114 .. 0.43

>> Sphingomonassanguinis_A0A147HT25_9SPHN  
   #    score  bias  c-Evalue  i-Evalue hmmfrom  hmm to    alifrom  ali to    envfrom  env to     acc
 ---   ------ ----- --------- --------- ------- -------    ------- -------    ------- -------    ----
   1 ?    0.6   7.7       1.5   1.6e+06      16      58 ..      43      85 ..      26     104 .. 0.50
   2 ?   21.9  12.2   3.7e-07      0.41       3      53 ..     112     165 ..     111     168 .] 0.72

>> SalmonellaentericaI_A0A3Z0UKC7_SALET  
   #    score  bias  c-Evalue  i-Evalue hmmfrom  hmm to    alifrom  ali to    envfrom  env to     acc
 ---   ------ ----- --------- --------- ------- -------    ------- -------    ------- -------    ----
   1 ?    0.6  12.9       1.5   1.6e+06      22      77 ..      49     101 ..      20     107 .. 0.51
   2 ?   14.7  13.6   6.4e-05        71       5      58 ..     113     166 ..     111     173 .. 0.51



Internal pipeline statistics summary:
-------------------------------------
Query model(s):                              1  (113 nodes)
Target sequences:                           41  (32307 residues searched)
Passed MSV filter:                        41  (1); expected 0.8 (0.02)
Passed bias filter:                       41  (1); expected 0.8 (0.02)
Passed Vit filter:                        41  (1); expected 0.0 (0.001)
Passed Fwd filter:                        41  (1); expected 0.0 (1e-05)
Initial search space (Z):           45638612  [as set by --Z on cmdline]
Domain search space  (domZ):              41  [number of targets reported over threshold]
# CPU time: 0.49u 0.02s 00:00:00.51 Elapsed: 00:00:00.70
# Mc/sec: 5.22
//
[ok]
