# hmmsearch :: search profile(s) against a sequence database
# HMMER 3.1b2 (February 2015); http://hmmer.org/
# Copyright (C) 2015 Howard Hughes Medical Institute.
# Freely distributed under the GNU General Public License (GPLv3).
# - - - - - - - - - - - - - - - - - - - - - - - - - - - - - - - - - - - -
# query HMM file:                  3FA0549C-CB54-11EA-9033-8FD5DBC3747A.2.hmm
# target sequence database:        all_effector_wchap_genus_more100aa_CDHIT95_shortheaders_NOPAAR_2.fasta
# output directed to file:         all_effector_wchap_genus_more100aa_CDHIT95_shortheaders_PAAR_3.out
# per-dom hits tabular output:     all_effector_wchap_genus_more100aa_CDHIT95_shortheaders_PAAR_3.domtblout
# show alignments in output:       no
# sequence reporting threshold:    E-value <= 1000
# sequence search space set to:    45638612
# number of worker threads:        32
# - - - - - - - - - - - - - - - - - - - - - - - - - - - - - - - - - - - -

Query:       jackhmmer  [M=113]
Scores for complete sequences (score includes all domains):
   --- full sequence ---   --- best 1 domain ---    -#dom-
    E-value  score  bias    E-value  score  bias    exp  N  Sequence                                          Description
    ------- ------ -----    ------- ------ -----   ---- --  --------                                          -----------
    5.1e-46  166.6   3.1    6.3e-46  166.3   3.1    1.1  1  Salmonellaenterica.28901.GCF_001214785.1_5275_7_1  
      2e-40  148.6   3.7    2.3e-40  148.3   3.7    1.0  1  Salmonellaenterica.28901.GCF_008362985.1_ASM83629  
      5e-35  131.2   6.3    2.5e-34  128.9   1.5    3.1  3  Shigellaflexneri.623.GCF_001933085.2_ASM193308v2_  
    5.8e-27  105.2   7.8      1e-22   91.5   0.3    2.9  2  Escherichiacoli.562.GCF_003018695.1_ASM301869v1_g  
    1.3e-23   94.4   0.3    1.3e-23   94.4   0.3    1.6  2  Escherichiacoli.562.GCF_002511505.1_ASM251150v1_g  
      2e-23   93.8   0.3      2e-23   93.8   0.3    1.6  2  Escherichiacoli.562.GCF_002536795.1_ASM253679v1_g  
    2.2e-23   93.7   0.3    2.2e-23   93.7   0.3    1.7  2  Escherichiacoli.562.GCF_000969495.1_ASM96949v1_ge  
    3.2e-23   93.1   0.2    3.2e-23   93.1   0.2    1.7  2  Escherichiacoli.562.GCF_900448575.1_37419_H01_gen  
    3.2e-23   93.1   0.2    3.2e-23   93.1   0.2    1.5  1  Escherichiacoli.562.GCF_002941405.1_ASM294140v1_g  
    3.3e-23   93.1   0.3    3.3e-23   93.1   0.3    1.6  1  Escherichiacoli.562.GCF_900480075.1_17261_8_4_gen  
    3.8e-23   92.9   0.3    3.8e-23   92.9   0.3    1.6  2  Escherichiacoli.562.GCF_006238805.1_ASM623880v1_g  
    3.8e-23   92.9   0.3    3.8e-23   92.9   0.3    1.7  2  Escherichiacoli.562.GCF_003460245.1_ASM346024v1_g  
    3.8e-23   92.9   0.3    3.8e-23   92.9   0.3    1.6  2  Escherichiacoli.562.GCF_005388745.1_ASM538874v1_g  
    4.1e-23   92.8   0.3    4.1e-23   92.8   0.3    1.6  1  Escherichiacoli.562.GCF_003290845.1_ASM329084v1_g  
    5.2e-23   92.4   0.3    5.2e-23   92.4   0.3    1.8  1  Escherichiacoli.562.GCF_002909275.1_ASM290927v1_g  
      6e-23   92.3   0.3      6e-23   92.3   0.3    2.0  1  Escherichiacoli.562.GCF_002460645.1_ASM246064v1_g  
    6.1e-23   92.2   0.3    6.1e-23   92.2   0.3    1.7  1  Escherichiacoli.562.GCF_002475345.1_ASM247534v1_g  
    7.9e-23   91.9   0.3    7.9e-23   91.9   0.3    2.6  2  Escherichiacoli.562.GCF_000812255.1_ASM81225v1_ge  
    8.9e-23   91.7   0.3    8.9e-23   91.7   0.3    2.5  2  Escherichiacoli.562.GCF_003290785.1_ASM329078v1_g  
      1e-22   91.5   0.3      1e-22   91.5   0.3    1.8  1  Escherichiacoli.562.GCF_002941495.1_ASM294149v1_g  
    1.1e-22   91.4   0.4    5.1e-22   89.3   0.3    2.1  1  Escherichiacoli.562.GCF_002485775.1_ASM248577v1_g  
    1.3e-22   91.1   0.3    1.3e-22   91.1   0.3    1.7  1  Escherichiacoli.562.GCF_001749665.1_ASM174966v1_g  
    1.6e-22   90.9   0.4    3.1e-22   90.0   0.0    1.6  1  Escherichiacoli.562.GCF_900009835.1_EF476_contigs  
      2e-22   90.6   0.8    7.1e-22   88.8   0.3    2.2  1  Escherichiacoli.562.GCF_900474495.1_38344_F01_gen  
    1.6e-21   87.7   0.4    1.6e-21   87.7   0.4    1.7  2  Shigellasonnei.624.GCF_001254035.1_5236_2_11_geno  
    3.3e-21   86.6   0.4    3.3e-21   86.6   0.4    1.9  1  Shigellasonnei.624.GCF_001246675.1_6551_1_10_geno  
    3.7e-21   86.5   0.4    3.7e-21   86.5   0.4    1.8  1  Escherichiacoli.562.GCF_006229865.1_ASM622986v1_g  
    4.5e-21   86.2  21.1    2.6e-20   83.7  21.1    1.8  1  Serratiamarcescens.615.GCF_003204685.1_ASM320468v  
    4.7e-21   86.1   0.4    4.7e-21   86.1   0.4    1.9  1  Escherichiacoli.562.GCF_006229655.1_ASM622965v1_g  
    4.9e-21   86.1   4.0    6.2e-21   85.8   0.4    2.6  2  Escherichiacoli.562.GCF_003145915.1_ASM314591v1_g  
    7.2e-21   85.6   0.4    7.2e-21   85.6   0.4    1.9  1  Escherichiacoli.562.GCF_006236005.1_ASM623600v1_g  
    7.6e-21   85.5   0.9    2.8e-20   83.6   0.4    2.1  1  Escherichiacoli.562.GCF_006229965.1_ASM622996v1_g  
    8.3e-21   85.4   0.4    8.3e-21   85.4   0.4    2.5  2  Escherichiacoli.562.GCF_000704025.1_ASM70402v1_ge  
    3.9e-20   83.2   0.3    9.8e-20   81.9   0.0    1.7  2  Escherichiacoli.562.GCF_001891805.1_ASM189180v1_g  
    4.3e-19   79.8   4.1    1.4e-18   78.2   2.1    2.2  2  Escherichiacoli.562.GCF_006381835.1_ASM638183v1_g  
    6.1e-17   72.9   0.6    1.1e-16   72.0   0.0    1.6  1  Escherichiacoli.562.GCF_003355175.1_ASM335517v1_g  
    3.7e-16   70.4  12.8    4.5e-16   70.1  12.8    1.0  1  PseudomonasspNFACC172.1566192.GCF_900104075.1_IMG  
    2.3e-13   61.4  20.7    9.1e-13   59.5  20.7    1.7  1  EnterobacterspDE0047.2584949.GCF_007680145.1_ASM7  
    7.9e-13   59.6   0.8    1.2e-12   59.0   0.0    1.6  1  Escherichiacoli.562.GCF_003293175.1_ASM329317v1_g  
    2.6e-09   48.3  18.8    1.4e-08   45.9  18.9    1.8  1  Enterobactercloacae.550.GCF_002528975.1_ASM252897  
    2.4e-08   45.2   1.2    4.2e-08   44.4   0.0    1.7  2  Escherichiacoli.562.GCF_007998065.1_ASM799806v1_g  
    1.3e-07   42.9   0.1    2.5e-07   42.0   0.1    1.4  1  Yersiniapestis.632.GCF_003074275.1_ASM307427v1_ge  
    1.4e-06   39.5  26.9    2.2e-05   35.7  20.0    3.3  2  Serratiamarcescens.615.GCF_006974205.1_ASM697420v  
    3.6e-06   38.2  21.2    1.3e-05   36.4  21.2    1.8  1  Serratiamarcescens.615.GCF_006711145.1_ASM671114v  
    4.1e-06   38.0   0.7    4.1e-06   38.0   0.7    1.7  2  Escherichiacoli.562.GCF_005396085.1_ASM539608v1_g  
    5.6e-06   37.6   0.5    5.6e-06   37.6   0.5    1.8  2  Escherichiacoli.562.GCF_003667385.1_ASM366738v1_g  
      2e-05   35.8   0.4      2e-05   35.8   0.4    1.8  2  Escherichiacoli.562.GCF_002055605.1_ASM205560v1_g  
    2.5e-05   35.5   0.7    2.5e-05   35.5   0.7    1.9  2  Escherichiacoli.562.GCF_002458625.1_ASM245862v1_g  
      9e-05   33.7   0.5      9e-05   33.7   0.5    1.7  1  Escherichiacoli.562.GCF_002229855.1_ASM222985v1_g  
    0.00012   33.3   8.7    0.00018   32.7   8.7    1.2  1  Escherichiaalbertii.208962.GCF_003864075.1_ASM386  
     0.0032   28.7   6.6      0.005   28.1   6.6    1.3  1  PseudomonasspRoot401.1736526.GCF_001425105.1_Root  
  ------ inclusion threshold ------
       0.01   27.1   4.3       0.01   27.1   4.3    1.8  2  Pseudomonasaeruginosa.287.GCF_001034685.1_ASM1034  


Domain annotation for each sequence:
>> Salmonellaenterica.28901.GCF_001214785.1_5275_7_1  
   #    score  bias  c-Evalue  i-Evalue hmmfrom  hmm to    alifrom  ali to    envfrom  env to     acc
 ---   ------ ----- --------- --------- ------- -------    ------- -------    ------- -------    ----
   1 !  166.3   3.1   7.2e-52   6.3e-46       1     108 [.       1     108 [.       1     112 [. 0.98

>> Salmonellaenterica.28901.GCF_008362985.1_ASM83629  
   #    score  bias  c-Evalue  i-Evalue hmmfrom  hmm to    alifrom  ali to    envfrom  env to     acc
 ---   ------ ----- --------- --------- ------- -------    ------- -------    ------- -------    ----
   1 !  148.3   3.7   2.7e-46   2.3e-40       1      96 [.       1      96 [.       1      99 [. 0.99

>> Shigellaflexneri.623.GCF_001933085.2_ASM193308v2_  
   #    score  bias  c-Evalue  i-Evalue hmmfrom  hmm to    alifrom  ali to    envfrom  env to     acc
 ---   ------ ----- --------- --------- ------- -------    ------- -------    ------- -------    ----
   1 !  128.9   1.5   2.9e-40   2.5e-34       1      91 [.       1      91 [.       1      95 [. 0.99
   2 ?    0.9   0.0       1.5   1.3e+06      75      88 ..     131     144 ..     118     149 .. 0.82
   3 ?    1.4   0.2       1.1   9.7e+05       3      35 ..     184     215 ..     171     228 .. 0.82

>> Escherichiacoli.562.GCF_003018695.1_ASM301869v1_g  
   #    score  bias  c-Evalue  i-Evalue hmmfrom  hmm to    alifrom  ali to    envfrom  env to     acc
 ---   ------ ----- --------- --------- ------- -------    ------- -------    ------- -------    ----
   1 !   91.5   0.3   1.2e-28     1e-22       4      97 ..      54     155 ..      52     157 .. 0.89
   2 !   17.6   0.1   9.8e-06       8.6      76      94 ..     266     284 ..     217     295 .. 0.82

>> Escherichiacoli.562.GCF_002511505.1_ASM251150v1_g  
   #    score  bias  c-Evalue  i-Evalue hmmfrom  hmm to    alifrom  ali to    envfrom  env to     acc
 ---   ------ ----- --------- --------- ------- -------    ------- -------    ------- -------    ----
   1 ?   -1.4   0.2       7.9   6.9e+06      45      65 ..      18      30 ..       7      50 .. 0.40
   2 !   94.4   0.3   1.5e-29   1.3e-23       4      97 ..      54     155 ..      52     164 .. 0.89

>> Escherichiacoli.562.GCF_002536795.1_ASM253679v1_g  
   #    score  bias  c-Evalue  i-Evalue hmmfrom  hmm to    alifrom  ali to    envfrom  env to     acc
 ---   ------ ----- --------- --------- ------- -------    ------- -------    ------- -------    ----
   1 ?   -1.5   0.2       8.9   7.8e+06      45      65 ..      18      30 ..       7      49 .. 0.40
   2 !   93.8   0.3   2.3e-29     2e-23       4      97 ..      54     155 ..      52     157 .. 0.89

>> Escherichiacoli.562.GCF_000969495.1_ASM96949v1_ge  
   #    score  bias  c-Evalue  i-Evalue hmmfrom  hmm to    alifrom  ali to    envfrom  env to     acc
 ---   ------ ----- --------- --------- ------- -------    ------- -------    ------- -------    ----
   1 ?   -1.1   0.2       6.6   5.8e+06      42      60 ..      15      32 ..       7      51 .. 0.38
   2 !   93.7   0.3   2.5e-29   2.2e-23       4      97 ..      54     155 ..      52     157 .. 0.89

>> Escherichiacoli.562.GCF_900448575.1_37419_H01_gen  
   #    score  bias  c-Evalue  i-Evalue hmmfrom  hmm to    alifrom  ali to    envfrom  env to     acc
 ---   ------ ----- --------- --------- ------- -------    ------- -------    ------- -------    ----
   1 ?   -1.3   0.2       7.5   6.6e+06      42      61 ..      15      33 ..       8      51 .. 0.37
   2 !   93.1   0.2   3.6e-29   3.2e-23       4      97 ..      54     155 ..      52     158 .. 0.89

>> Escherichiacoli.562.GCF_002941405.1_ASM294140v1_g  
   #    score  bias  c-Evalue  i-Evalue hmmfrom  hmm to    alifrom  ali to    envfrom  env to     acc
 ---   ------ ----- --------- --------- ------- -------    ------- -------    ------- -------    ----
   1 !   93.1   0.2   3.7e-29   3.2e-23       4      97 ..      54     155 ..      52     157 .. 0.89

>> Escherichiacoli.562.GCF_900480075.1_17261_8_4_gen  
   #    score  bias  c-Evalue  i-Evalue hmmfrom  hmm to    alifrom  ali to    envfrom  env to     acc
 ---   ------ ----- --------- --------- ------- -------    ------- -------    ------- -------    ----
   1 !   93.1   0.3   3.8e-29   3.3e-23       4      97 ..      54     155 ..      52     157 .. 0.89

>> Escherichiacoli.562.GCF_006238805.1_ASM623880v1_g  
   #    score  bias  c-Evalue  i-Evalue hmmfrom  hmm to    alifrom  ali to    envfrom  env to     acc
 ---   ------ ----- --------- --------- ------- -------    ------- -------    ------- -------    ----
   1 ?   -1.6   0.1       9.5   8.3e+06      42      59 ..      15      31 ..       8      50 .. 0.38
   2 !   92.9   0.3   4.3e-29   3.8e-23       4      97 ..      54     155 ..      52     157 .. 0.89

>> Escherichiacoli.562.GCF_003460245.1_ASM346024v1_g  
   #    score  bias  c-Evalue  i-Evalue hmmfrom  hmm to    alifrom  ali to    envfrom  env to     acc
 ---   ------ ----- --------- --------- ------- -------    ------- -------    ------- -------    ----
   1 ?   -1.6   0.1       9.3   8.2e+06      42      59 ..      15      31 ..       8      50 .. 0.38
   2 !   92.9   0.3   4.3e-29   3.8e-23       4      97 ..      54     155 ..      52     157 .. 0.89

>> Escherichiacoli.562.GCF_005388745.1_ASM538874v1_g  
   #    score  bias  c-Evalue  i-Evalue hmmfrom  hmm to    alifrom  ali to    envfrom  env to     acc
 ---   ------ ----- --------- --------- ------- -------    ------- -------    ------- -------    ----
   1 ?   -1.6   0.1       9.3   8.2e+06      42      59 ..      15      31 ..       8      50 .. 0.38
   2 !   92.9   0.3   4.3e-29   3.8e-23       4      97 ..      54     155 ..      52     157 .. 0.89

>> Escherichiacoli.562.GCF_003290845.1_ASM329084v1_g  
   #    score  bias  c-Evalue  i-Evalue hmmfrom  hmm to    alifrom  ali to    envfrom  env to     acc
 ---   ------ ----- --------- --------- ------- -------    ------- -------    ------- -------    ----
   1 !   92.8   0.3   4.6e-29   4.1e-23       4      97 ..      54     155 ..      52     157 .. 0.89

>> Escherichiacoli.562.GCF_002909275.1_ASM290927v1_g  
   #    score  bias  c-Evalue  i-Evalue hmmfrom  hmm to    alifrom  ali to    envfrom  env to     acc
 ---   ------ ----- --------- --------- ------- -------    ------- -------    ------- -------    ----
   1 !   92.4   0.3     6e-29   5.2e-23       4      97 ..      54     155 ..      52     157 .. 0.89

>> Escherichiacoli.562.GCF_002460645.1_ASM246064v1_g  
   #    score  bias  c-Evalue  i-Evalue hmmfrom  hmm to    alifrom  ali to    envfrom  env to     acc
 ---   ------ ----- --------- --------- ------- -------    ------- -------    ------- -------    ----
   1 !   92.3   0.3   6.8e-29     6e-23       4      97 ..      54     155 ..      52     157 .. 0.89

>> Escherichiacoli.562.GCF_002475345.1_ASM247534v1_g  
   #    score  bias  c-Evalue  i-Evalue hmmfrom  hmm to    alifrom  ali to    envfrom  env to     acc
 ---   ------ ----- --------- --------- ------- -------    ------- -------    ------- -------    ----
   1 !   92.2   0.3   6.9e-29   6.1e-23       4      97 ..      54     155 ..      52     157 .. 0.89

>> Escherichiacoli.562.GCF_000812255.1_ASM81225v1_ge  
   #    score  bias  c-Evalue  i-Evalue hmmfrom  hmm to    alifrom  ali to    envfrom  env to     acc
 ---   ------ ----- --------- --------- ------- -------    ------- -------    ------- -------    ----
   1 !   91.9   0.3     9e-29   7.9e-23       4      97 ..      54     155 ..      52     157 .. 0.89
   2 ?    0.3   0.0       2.4   2.1e+06      95     112 ..     252     269 ..     250     270 .. 0.87

>> Escherichiacoli.562.GCF_003290785.1_ASM329078v1_g  
   #    score  bias  c-Evalue  i-Evalue hmmfrom  hmm to    alifrom  ali to    envfrom  env to     acc
 ---   ------ ----- --------- --------- ------- -------    ------- -------    ------- -------    ----
   1 !   91.7   0.3     1e-28   8.9e-23       4      97 ..      54     155 ..      52     157 .. 0.89
   2 ?    0.1   0.0       2.7   2.4e+06      95     112 ..     252     269 ..     250     270 .. 0.87

>> Escherichiacoli.562.GCF_002941495.1_ASM294149v1_g  
   #    score  bias  c-Evalue  i-Evalue hmmfrom  hmm to    alifrom  ali to    envfrom  env to     acc
 ---   ------ ----- --------- --------- ------- -------    ------- -------    ------- -------    ----
   1 !   91.5   0.3   1.2e-28     1e-22       4      97 ..      54     155 ..      52     157 .. 0.89

>> Escherichiacoli.562.GCF_002485775.1_ASM248577v1_g  
   #    score  bias  c-Evalue  i-Evalue hmmfrom  hmm to    alifrom  ali to    envfrom  env to     acc
 ---   ------ ----- --------- --------- ------- -------    ------- -------    ------- -------    ----
   1 !   89.3   0.3   5.8e-28   5.1e-22       4      97 ..      54     155 ..      52     157 .. 0.89

>> Escherichiacoli.562.GCF_001749665.1_ASM174966v1_g  
   #    score  bias  c-Evalue  i-Evalue hmmfrom  hmm to    alifrom  ali to    envfrom  env to     acc
 ---   ------ ----- --------- --------- ------- -------    ------- -------    ------- -------    ----
   1 !   91.1   0.3   1.5e-28   1.3e-22       4      97 ..      54     155 ..      52     157 .. 0.89

>> Escherichiacoli.562.GCF_900009835.1_EF476_contigs  
   #    score  bias  c-Evalue  i-Evalue hmmfrom  hmm to    alifrom  ali to    envfrom  env to     acc
 ---   ------ ----- --------- --------- ------- -------    ------- -------    ------- -------    ----
   1 !   90.0   0.0   3.5e-28   3.1e-22       4      94 ..      54     152 ..      52     157 .. 0.89

>> Escherichiacoli.562.GCF_900474495.1_38344_F01_gen  
   #    score  bias  c-Evalue  i-Evalue hmmfrom  hmm to    alifrom  ali to    envfrom  env to     acc
 ---   ------ ----- --------- --------- ------- -------    ------- -------    ------- -------    ----
   1 !   88.8   0.3   8.1e-28   7.1e-22       4      97 ..      54     155 ..      52     157 .. 0.89

>> Shigellasonnei.624.GCF_001254035.1_5236_2_11_geno  
   #    score  bias  c-Evalue  i-Evalue hmmfrom  hmm to    alifrom  ali to    envfrom  env to     acc
 ---   ------ ----- --------- --------- ------- -------    ------- -------    ------- -------    ----
   1 ?   -1.1   0.2       6.5   5.7e+06      42      60 ..      15      32 ..       7      51 .. 0.38
   2 !   87.7   0.4   1.8e-27   1.6e-21       4      97 ..      54     155 ..      52     157 .. 0.89

>> Shigellasonnei.624.GCF_001246675.1_6551_1_10_geno  
   #    score  bias  c-Evalue  i-Evalue hmmfrom  hmm to    alifrom  ali to    envfrom  env to     acc
 ---   ------ ----- --------- --------- ------- -------    ------- -------    ------- -------    ----
   1 !   86.6   0.4   3.8e-27   3.3e-21       4      97 ..      54     155 ..      52     157 .. 0.89

>> Escherichiacoli.562.GCF_006229865.1_ASM622986v1_g  
   #    score  bias  c-Evalue  i-Evalue hmmfrom  hmm to    alifrom  ali to    envfrom  env to     acc
 ---   ------ ----- --------- --------- ------- -------    ------- -------    ------- -------    ----
   1 !   86.5   0.4   4.3e-27   3.7e-21       4      97 ..      54     155 ..      52     157 .. 0.89

>> Serratiamarcescens.615.GCF_003204685.1_ASM320468v  
   #    score  bias  c-Evalue  i-Evalue hmmfrom  hmm to    alifrom  ali to    envfrom  env to     acc
 ---   ------ ----- --------- --------- ------- -------    ------- -------    ------- -------    ----
   1 !   83.7  21.1     3e-26   2.6e-20       1     100 [.       1     115 []       1     115 [] 0.84

>> Escherichiacoli.562.GCF_006229655.1_ASM622965v1_g  
   #    score  bias  c-Evalue  i-Evalue hmmfrom  hmm to    alifrom  ali to    envfrom  env to     acc
 ---   ------ ----- --------- --------- ------- -------    ------- -------    ------- -------    ----
   1 !   86.1   0.4   5.4e-27   4.7e-21       4      97 ..      54     155 ..      52     157 .. 0.89

>> Escherichiacoli.562.GCF_003145915.1_ASM314591v1_g  
   #    score  bias  c-Evalue  i-Evalue hmmfrom  hmm to    alifrom  ali to    envfrom  env to     acc
 ---   ------ ----- --------- --------- ------- -------    ------- -------    ------- -------    ----
   1 !   85.8   0.4     7e-27   6.2e-21       4      97 ..      54     155 ..      52     157 .. 0.89
   2 ?    0.3   0.0       2.4   2.1e+06      95     112 ..     252     269 ..     250     270 .. 0.87

>> Escherichiacoli.562.GCF_006236005.1_ASM623600v1_g  
   #    score  bias  c-Evalue  i-Evalue hmmfrom  hmm to    alifrom  ali to    envfrom  env to     acc
 ---   ------ ----- --------- --------- ------- -------    ------- -------    ------- -------    ----
   1 !   85.6   0.4   8.2e-27   7.2e-21       4      97 ..      54     155 ..      52     157 .. 0.89

>> Escherichiacoli.562.GCF_006229965.1_ASM622996v1_g  
   #    score  bias  c-Evalue  i-Evalue hmmfrom  hmm to    alifrom  ali to    envfrom  env to     acc
 ---   ------ ----- --------- --------- ------- -------    ------- -------    ------- -------    ----
   1 !   83.6   0.4   3.2e-26   2.8e-20       4      97 ..      54     155 ..      52     157 .. 0.89

>> Escherichiacoli.562.GCF_000704025.1_ASM70402v1_ge  
   #    score  bias  c-Evalue  i-Evalue hmmfrom  hmm to    alifrom  ali to    envfrom  env to     acc
 ---   ------ ----- --------- --------- ------- -------    ------- -------    ------- -------    ----
   1 !   85.4   0.4   9.4e-27   8.3e-21       4      97 ..      54     155 ..      52     157 .. 0.89
   2 ?   -0.1   0.0       3.2   2.8e+06      95     112 ..     252     269 ..     250     270 .. 0.87

>> Escherichiacoli.562.GCF_001891805.1_ASM189180v1_g  
   #    score  bias  c-Evalue  i-Evalue hmmfrom  hmm to    alifrom  ali to    envfrom  env to     acc
 ---   ------ ----- --------- --------- ------- -------    ------- -------    ------- -------    ----
   1 ?   -1.2   0.1       7.1   6.2e+06      88      94 ..      25      31 ..       2      51 .. 0.48
   2 !   81.9   0.0   1.1e-25   9.8e-20       4      91 ..      57     152 .]      55     152 .] 0.89

>> Escherichiacoli.562.GCF_006381835.1_ASM638183v1_g  
   #    score  bias  c-Evalue  i-Evalue hmmfrom  hmm to    alifrom  ali to    envfrom  env to     acc
 ---   ------ ----- --------- --------- ------- -------    ------- -------    ------- -------    ----
   1 !   78.2   2.1   1.6e-24   1.4e-18       1      61 [.       1      61 [.       1      86 [. 0.93
   2 ?    1.0   0.0       1.4   1.2e+06       3      35 ..      90     121 ..      88     134 .. 0.81

>> Escherichiacoli.562.GCF_003355175.1_ASM335517v1_g  
   #    score  bias  c-Evalue  i-Evalue hmmfrom  hmm to    alifrom  ali to    envfrom  env to     acc
 ---   ------ ----- --------- --------- ------- -------    ------- -------    ------- -------    ----
   1 !   72.0   0.0   1.3e-22   1.1e-16       4      89 ..      54     147 ..      52     150 .. 0.87

>> PseudomonasspNFACC172.1566192.GCF_900104075.1_IMG  
   #    score  bias  c-Evalue  i-Evalue hmmfrom  hmm to    alifrom  ali to    envfrom  env to     acc
 ---   ------ ----- --------- --------- ------- -------    ------- -------    ------- -------    ----
   1 !   70.1  12.8   5.1e-22   4.5e-16       3     100 ..       5     105 ..       3     109 .. 0.78

>> EnterobacterspDE0047.2584949.GCF_007680145.1_ASM7  
   #    score  bias  c-Evalue  i-Evalue hmmfrom  hmm to    alifrom  ali to    envfrom  env to     acc
 ---   ------ ----- --------- --------- ------- -------    ------- -------    ------- -------    ----
   1 !   59.5  20.7     1e-18   9.1e-13       1      89 [.       1     104 []       1     104 [] 0.80

>> Escherichiacoli.562.GCF_003293175.1_ASM329317v1_g  
   #    score  bias  c-Evalue  i-Evalue hmmfrom  hmm to    alifrom  ali to    envfrom  env to     acc
 ---   ------ ----- --------- --------- ------- -------    ------- -------    ------- -------    ----
   1 !   59.0   0.0   1.4e-18   1.2e-12       4      82 ..      54     140 ..      52     145 .. 0.87

>> Enterobactercloacae.550.GCF_002528975.1_ASM252897  
   #    score  bias  c-Evalue  i-Evalue hmmfrom  hmm to    alifrom  ali to    envfrom  env to     acc
 ---   ------ ----- --------- --------- ------- -------    ------- -------    ------- -------    ----
   1 !   45.9  18.9   1.6e-14   1.4e-08       1      81 [.       1      96 [.       1     100 [. 0.78

>> Escherichiacoli.562.GCF_007998065.1_ASM799806v1_g  
   #    score  bias  c-Evalue  i-Evalue hmmfrom  hmm to    alifrom  ali to    envfrom  env to     acc
 ---   ------ ----- --------- --------- ------- -------    ------- -------    ------- -------    ----
   1 ?   -0.8   0.2       5.1   4.5e+06      44      66 ..      16      30 ..       6      49 .. 0.40
   2 !   44.4   0.0   4.7e-14   4.2e-08       4      65 ..      53     123 ..      51     128 .. 0.85

>> Yersiniapestis.632.GCF_003074275.1_ASM307427v1_ge  
   #    score  bias  c-Evalue  i-Evalue hmmfrom  hmm to    alifrom  ali to    envfrom  env to     acc
 ---   ------ ----- --------- --------- ------- -------    ------- -------    ------- -------    ----
   1 !   42.0   0.1   2.8e-13   2.5e-07       1      31 [.     151     181 ..     151     186 .. 0.96

>> Serratiamarcescens.615.GCF_006974205.1_ASM697420v  
   #    score  bias  c-Evalue  i-Evalue hmmfrom  hmm to    alifrom  ali to    envfrom  env to     acc
 ---   ------ ----- --------- --------- ------- -------    ------- -------    ------- -------    ----
   1 !   35.7  20.0   2.5e-11   2.2e-05       1      57 [.       1      72 [.       1      96 [. 0.63
   2 ?    6.3   0.1     0.033   2.9e+04      75      89 ..     149     163 ..     139     168 .. 0.85

>> Serratiamarcescens.615.GCF_006711145.1_ASM671114v  
   #    score  bias  c-Evalue  i-Evalue hmmfrom  hmm to    alifrom  ali to    envfrom  env to     acc
 ---   ------ ----- --------- --------- ------- -------    ------- -------    ------- -------    ----
   1 !   36.4  21.2   1.5e-11   1.3e-05       1      58 [.       1      73 [.       1      95 [. 0.62

>> Escherichiacoli.562.GCF_005396085.1_ASM539608v1_g  
   #    score  bias  c-Evalue  i-Evalue hmmfrom  hmm to    alifrom  ali to    envfrom  env to     acc
 ---   ------ ----- --------- --------- ------- -------    ------- -------    ------- -------    ----
   1 ?   -0.8   0.2       5.2   4.6e+06      44      66 ..      17      31 ..       7      50 .. 0.40
   2 !   38.0   0.7   4.7e-12   4.1e-06       4      48 ..      54     105 ..      52     116 .. 0.79

>> Escherichiacoli.562.GCF_003667385.1_ASM366738v1_g  
   #    score  bias  c-Evalue  i-Evalue hmmfrom  hmm to    alifrom  ali to    envfrom  env to     acc
 ---   ------ ----- --------- --------- ------- -------    ------- -------    ------- -------    ----
   1 ?   -0.7   0.2       4.8   4.2e+06      44      66 ..      17      31 ..       7      50 .. 0.40
   2 !   37.6   0.5   6.4e-12   5.6e-06       4      48 ..      54     101 ..      52     122 .. 0.73

>> Escherichiacoli.562.GCF_002055605.1_ASM205560v1_g  
   #    score  bias  c-Evalue  i-Evalue hmmfrom  hmm to    alifrom  ali to    envfrom  env to     acc
 ---   ------ ----- --------- --------- ------- -------    ------- -------    ------- -------    ----
   1 ?   -0.8   0.2       5.3   4.6e+06      42      60 ..      15      32 ..       7      51 .. 0.38
   2 !   35.8   0.4   2.3e-11     2e-05       4      46 ..      54      98 ..      52     108 .. 0.74

>> Escherichiacoli.562.GCF_002458625.1_ASM245862v1_g  
   #    score  bias  c-Evalue  i-Evalue hmmfrom  hmm to    alifrom  ali to    envfrom  env to     acc
 ---   ------ ----- --------- --------- ------- -------    ------- -------    ------- -------    ----
   1 ?    0.3   0.3       2.4   2.1e+06      42      68 ..      15      33 ..       6      51 .. 0.38
   2 !   35.5   0.7   2.8e-11   2.5e-05       4      38 ..      54      95 ..      52     100 .. 0.85

>> Escherichiacoli.562.GCF_002229855.1_ASM222985v1_g  
   #    score  bias  c-Evalue  i-Evalue hmmfrom  hmm to    alifrom  ali to    envfrom  env to     acc
 ---   ------ ----- --------- --------- ------- -------    ------- -------    ------- -------    ----
   1 !   33.7   0.5     1e-10     9e-05       4      43 ..      54      96 ..      52     119 .. 0.86

>> Escherichiaalbertii.208962.GCF_003864075.1_ASM386  
   #    score  bias  c-Evalue  i-Evalue hmmfrom  hmm to    alifrom  ali to    envfrom  env to     acc
 ---   ------ ----- --------- --------- ------- -------    ------- -------    ------- -------    ----
   1 !   32.7   8.7     2e-10   0.00018       3      58 ..      33      94 ..      32     109 .. 0.53

>> PseudomonasspRoot401.1736526.GCF_001425105.1_Root  
   #    score  bias  c-Evalue  i-Evalue hmmfrom  hmm to    alifrom  ali to    envfrom  env to     acc
 ---   ------ ----- --------- --------- ------- -------    ------- -------    ------- -------    ----
   1 !   28.1   6.6   5.7e-09     0.005       3      44 ..       5      42 ..       3      55 .. 0.80

>> Pseudomonasaeruginosa.287.GCF_001034685.1_ASM1034  
   #    score  bias  c-Evalue  i-Evalue hmmfrom  hmm to    alifrom  ali to    envfrom  env to     acc
 ---   ------ ----- --------- --------- ------- -------    ------- -------    ------- -------    ----
   1 ?   27.1   4.3   1.2e-08      0.01       3      42 ..       5      44 ..       3      87 .. 0.70
   2 ?   -0.8   0.1       5.1   4.5e+06      17      47 ..     117     125 ..      94     134 .. 0.56



Internal pipeline statistics summary:
-------------------------------------
Query model(s):                              1  (113 nodes)
Target sequences:                           52  (14740 residues searched)
Passed MSV filter:                        52  (1); expected 1.0 (0.02)
Passed bias filter:                       52  (1); expected 1.0 (0.02)
Passed Vit filter:                        52  (1); expected 0.1 (0.001)
Passed Fwd filter:                        52  (1); expected 0.0 (1e-05)
Initial search space (Z):           45638612  [as set by --Z on cmdline]
Domain search space  (domZ):              52  [number of targets reported over threshold]
# CPU time: 0.12u 0.01s 00:00:00.13 Elapsed: 00:00:00.13
# Mc/sec: 12.81
//
[ok]
